2024-12-20 16:40:09,388 - DEBUG - This is a debug message.
2024-12-20 16:40:09,389 - INFO - This is an info message.
2024-12-20 16:40:09,389 - WARNING - This is a warning message.
2024-12-20 16:40:09,389 - ERROR - This is an error message.
2024-12-20 16:40:09,389 - CRITICAL - This is a critical message.
2024-12-21 03:26:16,750 - DEBUG - This is a debug message.
2024-12-21 03:26:16,750 - INFO - This is an info message.
2024-12-21 03:26:16,750 - WARNING - This is a warning message.
2024-12-21 03:26:16,751 - ERROR - This is an error message.
2024-12-21 03:26:16,751 - CRITICAL - This is a critical message.
2024-12-26 05:21:47,370 - DEBUG - This is a debug message.
2024-12-26 05:21:47,370 - INFO - This is an info message.
2024-12-26 05:21:47,370 - WARNING - This is a warning message.
2024-12-26 05:21:47,370 - ERROR - This is an error message.
2024-12-26 05:21:47,370 - CRITICAL - This is a critical message.
2024-12-26 05:22:19,730 - DEBUG - This is a debug message.
2024-12-26 05:22:19,730 - INFO - This is an info message.
2024-12-26 05:22:19,730 - WARNING - This is a warning message.
2024-12-26 05:22:19,730 - ERROR - This is an error message.
2024-12-26 05:22:19,730 - CRITICAL - This is a critical message.
2024-12-26 05:22:52,509 - DEBUG - This is a debug message.
2024-12-26 05:22:52,510 - INFO - This is an info message.
2024-12-26 05:22:52,510 - WARNING - This is a warning message.
2024-12-26 05:22:52,510 - ERROR - This is an error message.
2024-12-26 05:22:52,510 - CRITICAL - This is a critical message.
2024-12-26 05:24:48,061 - DEBUG - This is a debug message.
2024-12-26 05:24:48,061 - INFO - This is an info message.
2024-12-26 05:24:48,062 - WARNING - This is a warning message.
2024-12-26 05:24:48,062 - ERROR - This is an error message.
2024-12-26 05:24:48,062 - CRITICAL - This is a critical message.
